<?xml version="1.0" encoding="UTF-8"?>
<testsuite xmlns:xsi="http://www.w3.org/2001/XMLSchema-instance" xsi:noNamespaceSchemaLocation="https://maven.apache.org/surefire/maven-surefire-plugin/xsd/surefire-test-report-3.0.xsd" version="3.0" name="com.boardspace.MyFirstTest" time="0.004" tests="0" errors="0" skipped="0" failures="0">
  <properties>
    <property name="java.specification.version" value="18"/>
    <property name="sun.cpu.isalist" value="amd64"/>
    <property name="sun.jnu.encoding" value="Cp1252"/>
    <property name="java.class.path" value="G:\share\projects\boardspace-maven\dtest\javase\target\test-classes;G:\share\projects\boardspace-maven\dtest\javase\target\classes;G:\share\projects\boardspace-maven\dtest\common\target\dtest-common-1.0-SNAPSHOT.jar;G:\share\projects\boardspace-maven\dtest\common\target\dtest-common-1.0-SNAPSHOT-tests.jar;C:\Users\ddyer\.m2\repository\com\codenameone\codenameone-core\7.0.130\codenameone-core-7.0.130.jar;C:\Users\ddyer\.m2\repository\com\codenameone\codenameone-javase\7.0.130\codenameone-javase-7.0.130.jar;C:\Users\ddyer\.m2\repository\org\xerial\sqlite-jdbc\3.7.15-M1\sqlite-jdbc-3.7.15-M1.jar;C:\Users\ddyer\.m2\repository\com\jhlabs\filters\2.0.235-1\filters-2.0.235-1.jar;"/>
    <property name="java.vm.vendor" value="Oracle Corporation"/>
    <property name="sun.arch.data.model" value="64"/>
    <property name="user.variant" value=""/>
    <property name="java.vendor.url" value="https://java.oracle.com/"/>
    <property name="user.timezone" value="America/Los_Angeles"/>
    <property name="os.name" value="Windows 11"/>
    <property name="java.vm.specification.version" value="18"/>
    <property name="sun.java.launcher" value="SUN_STANDARD"/>
    <property name="user.country" value="US"/>
    <property name="sun.boot.library.path" value="F:\java\jdk-18\bin"/>
    <property name="sun.java.command" value="C:\Users\ddyer\AppData\Local\Temp\surefire5557421271331246079\surefirebooter15199599728090865829.jar C:\Users\ddyer\AppData\Local\Temp\surefire5557421271331246079 2023-12-05T17-40-45_567-jvmRun1 surefire4848870294146400845tmp surefire_115110696549813000469tmp"/>
    <property name="jdk.debug" value="release"/>
    <property name="surefire.test.class.path" value="G:\share\projects\boardspace-maven\dtest\javase\target\test-classes;G:\share\projects\boardspace-maven\dtest\javase\target\classes;G:\share\projects\boardspace-maven\dtest\common\target\dtest-common-1.0-SNAPSHOT.jar;G:\share\projects\boardspace-maven\dtest\common\target\dtest-common-1.0-SNAPSHOT-tests.jar;C:\Users\ddyer\.m2\repository\com\codenameone\codenameone-core\7.0.130\codenameone-core-7.0.130.jar;C:\Users\ddyer\.m2\repository\com\codenameone\codenameone-javase\7.0.130\codenameone-javase-7.0.130.jar;C:\Users\ddyer\.m2\repository\org\xerial\sqlite-jdbc\3.7.15-M1\sqlite-jdbc-3.7.15-M1.jar;C:\Users\ddyer\.m2\repository\com\jhlabs\filters\2.0.235-1\filters-2.0.235-1.jar;"/>
    <property name="sun.cpu.endian" value="little"/>
    <property name="user.home" value="C:\Users\ddyer"/>
    <property name="user.language" value="en"/>
    <property name="java.specification.vendor" value="Oracle Corporation"/>
    <property name="java.version.date" value="2022-03-22"/>
    <property name="java.home" value="F:\java\jdk-18"/>
    <property name="file.separator" value="\"/>
    <property name="basedir" value="G:\share\projects\boardspace-maven\dtest\javase"/>
    <property name="java.vm.compressedOopsMode" value="Zero based"/>
    <property name="line.separator" value="&#10;"/>
    <property name="java.vm.specification.vendor" value="Oracle Corporation"/>
    <property name="java.specification.name" value="Java Platform API Specification"/>
    <property name="surefire.real.class.path" value="C:\Users\ddyer\AppData\Local\Temp\surefire5557421271331246079\surefirebooter15199599728090865829.jar"/>
    <property name="user.script" value=""/>
    <property name="sun.management.compiler" value="HotSpot 64-Bit Tiered Compilers"/>
    <property name="java.runtime.version" value="18+36-2087"/>
    <property name="user.name" value="ddyer"/>
    <property name="path.separator" value=";"/>
    <property name="os.version" value="10.0"/>
    <property name="java.runtime.name" value="OpenJDK Runtime Environment"/>
    <property name="file.encoding" value="UTF-8"/>
    <property name="java.vm.name" value="OpenJDK 64-Bit Server VM"/>
    <property name="localRepository" value="C:\Users\ddyer\.m2\repository"/>
    <property name="java.vendor.url.bug" value="https://bugreport.java.com/bugreport/"/>
    <property name="java.io.tmpdir" value="C:\Users\ddyer\AppData\Local\Temp\"/>
    <property name="java.version" value="18"/>
    <property name="user.dir" value="G:\share\projects\boardspace-maven\dtest\javase"/>
    <property name="os.arch" value="amd64"/>
    <property name="java.vm.specification.name" value="Java Virtual Machine Specification"/>
    <property name="sun.os.patch.level" value=""/>
    <property name="native.encoding" value="Cp1252"/>
    <property name="java.library.path" value="F:\java\jdk-18\bin;C:\WINDOWS\Sun\Java\bin;C:\WINDOWS\system32;C:\WINDOWS;C:\Perl64\site\bin;C:\Perl64\bin;F:\programs\Python310;C:\Users\ddyer\AppData\Roaming\ActiveState\bin;C:\windows\system32;C:\windows;C:\windows\System32\Wbem;C:\windows\System32\WindowsPowerShell\v1.0\;C:\windows\System32\OpenSSH\;C:\Program Files (x86)\NVIDIA Corporation\PhysX\Common;C:\Program Files\NVIDIA Corporation\NVIDIA NvDLISR;C:\Program Files\PuTTY\;C:\Program Files\MySQL\MySQL Server 5.6\bin;f:\java\run;F:\programs\apache-ant-1.9.16\bin;c:\mingw\bin;c:\mingw\msys\1.0\bin;F:\programs\platform-tools;C:\Program Files\Microsoft SQL Server\110\Tools\Binn\;C:\Program Files\Git\cmd;f:\programs\python310\scripts;C:\WINDOWS\system32;C:\WINDOWS;C:\WINDOWS\System32\Wbem;C:\WINDOWS\System32\WindowsPowerShell\v1.0\;C:\WINDOWS\System32\OpenSSH\;f:\programs\php8\;F:\programs\apache-maven-3.9.3\bin;F:\java\jdk-18\bin;C:\Users\ddyer\AppData\Local\Microsoft\WindowsApps;C:\Program Files (x86)\CVSNT\;C:\Program Files (x86)\SSH Communications Security\SSH Secure Shell;C:\Users\ddyer\AppData\Local\GitHubDesktop\bin;C:\Program Files (x86)\itms\;C:\Program Files (x86)\WiX Toolset v3.11\bin\;C:\Users\ddyer\AppData\Local\atom\bin;;."/>
    <property name="java.vm.info" value="mixed mode, sharing"/>
    <property name="java.vendor" value="Oracle Corporation"/>
    <property name="java.vm.version" value="18+36-2087"/>
    <property name="sun.io.unicode.encoding" value="UnicodeLittle"/>
    <property name="java.class.version" value="62.0"/>
  </properties>
</testsuite>